Building DAG of jobs...
Using shell: /usr/bin/bash
Provided cores: 4
Rules claiming more threads will be scaled down.
Job stats:
job                    count
-------------------  -------
all                        1
generate_histograms        4
read_data                  1
total                      6

Select jobs to execute...

[Thu Oct 19 18:11:22 2023]
rule read_data:
    input: subsetted_data.csv
    output: data_completed.txt
    jobid: 2
    reason: Missing output files: data_completed.txt
    resources: tmpdir=/tmp

[Thu Oct 19 18:11:22 2023]
Error in rule read_data:
    jobid: 2
    input: subsetted_data.csv
    output: data_completed.txt
    shell:
        python math_by_country.read_data --data_file subsetted_data.csv
        (one of the commands exited with non-zero exit code; note that snakemake uses bash strict mode!)

Shutting down, this might take some time.
Exiting because a job execution failed. Look above for error message
Complete log: .snakemake/log/2023-10-19T181121.541688.snakemake.log
