Building DAG of jobs...
Using shell: /usr/bin/bash
Provided cores: 4
Rules claiming more threads will be scaled down.
Job stats:
job                    count
-------------------  -------
all                        1
generate_histograms        4
total                      5

Select jobs to execute...

[Thu Oct 19 18:42:38 2023]
rule generate_histograms:
    input: red_data.txt
    output: quartile_1.png
    jobid: 1
    reason: Missing output files: quartile_1.png
    wildcards: q=quartile_1
    resources: tmpdir=/tmp


[Thu Oct 19 18:42:38 2023]
rule generate_histograms:
    input: red_data.txt
    output: quartile_2.png
    jobid: 4
    reason: Missing output files: quartile_2.png
    wildcards: q=quartile_2
    resources: tmpdir=/tmp


[Thu Oct 19 18:42:38 2023]
rule generate_histograms:
    input: red_data.txt
    output: quartile_3.png
    jobid: 5
    reason: Missing output files: quartile_3.png
    wildcards: q=quartile_3
    resources: tmpdir=/tmp


[Thu Oct 19 18:42:38 2023]
rule generate_histograms:
    input: red_data.txt
    output: quartile_4.png
    jobid: 6
    reason: Missing output files: quartile_4.png
    wildcards: q=quartile_4
    resources: tmpdir=/tmp

Waiting at most 5 seconds for missing files.
MissingOutputException in rule generate_histograms in file /home/jovyan/assignment-2-python-refresher-arer2562/by_country.snakemake, line 24:
Job 6  completed successfully, but some output files are missing. Missing files after 5 seconds. This might be due to filesystem latency. If that is the case, consider to increase the wait time with --latency-wait:
quartile_4.png
Waiting at most 5 seconds for missing files.
MissingOutputException in rule generate_histograms in file /home/jovyan/assignment-2-python-refresher-arer2562/by_country.snakemake, line 24:
Job 1  completed successfully, but some output files are missing. Missing files after 5 seconds. This might be due to filesystem latency. If that is the case, consider to increase the wait time with --latency-wait:
quartile_1.png
Waiting at most 5 seconds for missing files.
MissingOutputException in rule generate_histograms in file /home/jovyan/assignment-2-python-refresher-arer2562/by_country.snakemake, line 24:
Job 4  completed successfully, but some output files are missing. Missing files after 5 seconds. This might be due to filesystem latency. If that is the case, consider to increase the wait time with --latency-wait:
quartile_2.png
Waiting at most 5 seconds for missing files.
MissingOutputException in rule generate_histograms in file /home/jovyan/assignment-2-python-refresher-arer2562/by_country.snakemake, line 24:
Job 5  completed successfully, but some output files are missing. Missing files after 5 seconds. This might be due to filesystem latency. If that is the case, consider to increase the wait time with --latency-wait:
quartile_3.png
Shutting down, this might take some time.
Exiting because a job execution failed. Look above for error message
Complete log: .snakemake/log/2023-10-19T184237.578729.snakemake.log
