Building DAG of jobs...
Using shell: /usr/bin/bash
Provided cores: 4
Rules claiming more threads will be scaled down.
Job stats:
job                    count
-------------------  -------
all                        1
generate_histograms        4
read_data                  1
total                      6

Select jobs to execute...

[Thu Oct 19 18:28:29 2023]
rule read_data:
    input: subsetted_data.csv
    output: red_data.txt
    jobid: 2
    reason: Missing output files: red_data.txt
    resources: tmpdir=/tmp

[Thu Oct 19 18:28:29 2023]
Error in rule read_data:
    jobid: 2
    input: subsetted_data.csv
    output: red_data.txt
    shell:
        python -c 'from math_by_country import read_data; read_data("subsetted_data.csv") red_data.txt'
        (one of the commands exited with non-zero exit code; note that snakemake uses bash strict mode!)

Shutting down, this might take some time.
Exiting because a job execution failed. Look above for error message
Complete log: .snakemake/log/2023-10-19T182829.294120.snakemake.log
