Building DAG of jobs...
Using shell: /usr/bin/bash
Provided cores: 4
Rules claiming more threads will be scaled down.
Job stats:
job                    count
-------------------  -------
all                        1
generate_histograms        4
read_data                  1
subset_data                1
total                      7

Select jobs to execute...

[Thu Oct 19 18:08:57 2023]
rule subset_data:
    input: Agrofood_co2_emission.csv
    output: subsetted_data.csv
    jobid: 3
    reason: Updated input files: Agrofood_co2_emission.csv
    resources: tmpdir=/tmp

[Thu Oct 19 18:08:57 2023]
Finished job 3.
1 of 7 steps (14%) done
Select jobs to execute...

[Thu Oct 19 18:08:57 2023]
rule read_data:
    input: subsetted_data.csv
    output: data_completed.txt
    jobid: 2
    reason: Missing output files: data_completed.txt; Input files updated by another job: subsetted_data.csv
    resources: tmpdir=/tmp

[Thu Oct 19 18:08:57 2023]
Error in rule read_data:
    jobid: 2
    input: subsetted_data.csv
    output: data_completed.txt
    shell:
        python muts.read_data --data_file subsetted_data.csv
        (one of the commands exited with non-zero exit code; note that snakemake uses bash strict mode!)

Shutting down, this might take some time.
Exiting because a job execution failed. Look above for error message
Complete log: .snakemake/log/2023-10-19T180857.320807.snakemake.log
