Building DAG of jobs...
Using shell: /usr/bin/bash
Provided cores: 4
Rules claiming more threads will be scaled down.
Job stats:
job                    count
-------------------  -------
all                        1
generate_histograms        4
total                      5

Select jobs to execute...

[Thu Oct 19 18:41:41 2023]
rule generate_histograms:
    input: red_data.txt
    output: quartile_1.png
    jobid: 1
    reason: Missing output files: quartile_1.png
    wildcards: q=quartile_1
    resources: tmpdir=/tmp


[Thu Oct 19 18:41:41 2023]
rule generate_histograms:
    input: red_data.txt
    output: quartile_2.png
    jobid: 4
    reason: Missing output files: quartile_2.png
    wildcards: q=quartile_2
    resources: tmpdir=/tmp


[Thu Oct 19 18:41:41 2023]
rule generate_histograms:
    input: red_data.txt
    output: quartile_3.png
    jobid: 5
    reason: Missing output files: quartile_3.png
    wildcards: q=quartile_3
    resources: tmpdir=/tmp


[Thu Oct 19 18:41:41 2023]
rule generate_histograms:
    input: red_data.txt
    output: quartile_4.png
    jobid: 6
    reason: Missing output files: quartile_4.png
    wildcards: q=quartile_4
    resources: tmpdir=/tmp

[Thu Oct 19 18:41:41 2023]
Error in rule generate_histograms:
    jobid: 1
    input: red_data.txt
    output: quartile_1.png
    shell:
        python muts.py generate_histogram --data_file red_data.txt --out_file quartile_1.png --title quartile_1 --x_label X Label --y_label Y Label
        (one of the commands exited with non-zero exit code; note that snakemake uses bash strict mode!)

[Thu Oct 19 18:41:41 2023]
Error in rule generate_histograms:
    jobid: 4
    input: red_data.txt
    output: quartile_2.png
    shell:
        python muts.py generate_histogram --data_file red_data.txt --out_file quartile_2.png --title quartile_2 --x_label X Label --y_label Y Label
        (one of the commands exited with non-zero exit code; note that snakemake uses bash strict mode!)

[Thu Oct 19 18:41:41 2023]
Error in rule generate_histograms:
    jobid: 5
    input: red_data.txt
    output: quartile_3.png
    shell:
        python muts.py generate_histogram --data_file red_data.txt --out_file quartile_3.png --title quartile_3 --x_label X Label --y_label Y Label
        (one of the commands exited with non-zero exit code; note that snakemake uses bash strict mode!)

[Thu Oct 19 18:41:41 2023]
Error in rule generate_histograms:
    jobid: 6
    input: red_data.txt
    output: quartile_4.png
    shell:
        python muts.py generate_histogram --data_file red_data.txt --out_file quartile_4.png --title quartile_4 --x_label X Label --y_label Y Label
        (one of the commands exited with non-zero exit code; note that snakemake uses bash strict mode!)

Shutting down, this might take some time.
Exiting because a job execution failed. Look above for error message
Complete log: .snakemake/log/2023-10-19T184140.607459.snakemake.log
